[debug] [2022-02-06T15:41:46.440Z] ----------------------------------------------------------------------
[debug] [2022-02-06T15:41:46.442Z] Command:       /home/me/.nvm/versions/node/v17.3.1/bin/node /home/me/.nvm/versions/node/v17.3.1/bin/firebase init hosting
[debug] [2022-02-06T15:41:46.442Z] CLI Version:   10.1.4
[debug] [2022-02-06T15:41:46.442Z] Platform:      linux
[debug] [2022-02-06T15:41:46.442Z] Node Version:  v17.3.1
[debug] [2022-02-06T15:41:46.443Z] Time:          Sun Feb 06 2022 23:41:46 GMT+0800 (China Standard Time)
[debug] [2022-02-06T15:41:46.443Z] ----------------------------------------------------------------------
[debug] 
[debug] [2022-02-06T15:41:46.448Z] > command requires scopes: ["email","openid","https://www.googleapis.com/auth/cloudplatformprojects.readonly","https://www.googleapis.com/auth/firebase","https://www.googleapis.com/auth/cloud-platform"]
[info] 
     ######## #### ########  ######## ########     ###     ######  ########
     ##        ##  ##     ## ##       ##     ##  ##   ##  ##       ##
     ######    ##  ########  ######   ########  #########  ######  ######
     ##        ##  ##    ##  ##       ##     ## ##     ##       ## ##
     ##       #### ##     ## ######## ########  ##     ##  ######  ########

You're about to initialize a Firebase project in this directory:

  /home/me/node/dev/excerpt_editor

[info] 
=== Project Setup
[info] 
[info] First, let's associate this project directory with a Firebase project.
[info] You can create multiple project aliases by running firebase use --add, 
[info] but for now we'll just set up a default project.
[info] 
[debug] [2022-02-06T15:41:59.894Z] >>> [apiv2][query] GET https://firebase.googleapis.com/v1beta1/projects pageSize=100
[debug] [2022-02-06T15:42:00.479Z] <<< [apiv2][status] GET https://firebase.googleapis.com/v1beta1/projects 403
[debug] [2022-02-06T15:42:00.479Z] <<< [apiv2][body] GET https://firebase.googleapis.com/v1beta1/projects [omitted]
[debug] [2022-02-06T15:42:00.480Z] HTTP Error: 403, Your application has authenticated using end user credentials from the Google Cloud SDK or Google Cloud Shell which are not supported by the firebase.googleapis.com. We recommend configuring the billing/quota_project setting in gcloud or using a service account through the auth/impersonate_service_account setting. For more information about service accounts and how to use them in your application, see https://cloud.google.com/docs/authentication/. If you are getting this error with curl or similar tools, you may need to specify 'X-Goog-User-Project' HTTP header for quota and billing purposes. For more information regarding 'X-Goog-User-Project' header, please check https://cloud.google.com/apis/docs/system-parameters.
[debug] [2022-02-06T15:42:00.481Z] FirebaseError: HTTP Error: 403, Your application has authenticated using end user credentials from the Google Cloud SDK or Google Cloud Shell which are not supported by the firebase.googleapis.com. We recommend configuring the billing/quota_project setting in gcloud or using a service account through the auth/impersonate_service_account setting. For more information about service accounts and how to use them in your application, see https://cloud.google.com/docs/authentication/. If you are getting this error with curl or similar tools, you may need to specify 'X-Goog-User-Project' HTTP header for quota and billing purposes. For more information regarding 'X-Goog-User-Project' header, please check https://cloud.google.com/apis/docs/system-parameters.
    at module.exports (/home/me/.nvm/versions/node/v17.3.1/lib/node_modules/firebase-tools/lib/responseToError.js:38:12)
    at RetryOperation._fn (/home/me/.nvm/versions/node/v17.3.1/lib/node_modules/firebase-tools/lib/apiv2.js:282:39)
    at processTicksAndRejections (node:internal/process/task_queues:96:5)
[error] 
[error] Error: Failed to list Firebase projects. See firebase-debug.log for more info.
[debug] [2022-02-06T15:48:03.221Z] ----------------------------------------------------------------------
[debug] [2022-02-06T15:48:03.223Z] Command:       /home/me/.nvm/versions/node/v17.3.1/bin/node /home/me/.nvm/versions/node/v17.3.1/bin/firebase init hosting
[debug] [2022-02-06T15:48:03.223Z] CLI Version:   10.1.4
[debug] [2022-02-06T15:48:03.223Z] Platform:      linux
[debug] [2022-02-06T15:48:03.223Z] Node Version:  v17.3.1
[debug] [2022-02-06T15:48:03.224Z] Time:          Sun Feb 06 2022 23:48:03 GMT+0800 (China Standard Time)
[debug] [2022-02-06T15:48:03.224Z] ----------------------------------------------------------------------
[debug] 
[debug] [2022-02-06T15:48:03.229Z] > command requires scopes: ["email","openid","https://www.googleapis.com/auth/cloudplatformprojects.readonly","https://www.googleapis.com/auth/firebase","https://www.googleapis.com/auth/cloud-platform"]
[info] 
     ######## #### ########  ######## ########     ###     ######  ########
     ##        ##  ##     ## ##       ##     ##  ##   ##  ##       ##
     ######    ##  ########  ######   ########  #########  ######  ######
     ##        ##  ##    ##  ##       ##     ## ##     ##       ## ##
     ##       #### ##     ## ######## ########  ##     ##  ######  ########

You're about to initialize a Firebase project in this directory:

  /home/me/node/dev/excerpt_editor

[info] 
=== Project Setup
[info] 
[info] First, let's associate this project directory with a Firebase project.
[info] You can create multiple project aliases by running firebase use --add, 
[info] but for now we'll just set up a default project.
[info] 
[debug] [2022-02-06T15:48:05.465Z] >>> [apiv2][query] GET https://firebase.googleapis.com/v1beta1/projects pageSize=100
[debug] [2022-02-06T15:48:06.069Z] <<< [apiv2][status] GET https://firebase.googleapis.com/v1beta1/projects 403
[debug] [2022-02-06T15:48:06.070Z] <<< [apiv2][body] GET https://firebase.googleapis.com/v1beta1/projects [omitted]
[debug] [2022-02-06T15:48:06.071Z] HTTP Error: 403, Your application has authenticated using end user credentials from the Google Cloud SDK or Google Cloud Shell which are not supported by the firebase.googleapis.com. We recommend configuring the billing/quota_project setting in gcloud or using a service account through the auth/impersonate_service_account setting. For more information about service accounts and how to use them in your application, see https://cloud.google.com/docs/authentication/. If you are getting this error with curl or similar tools, you may need to specify 'X-Goog-User-Project' HTTP header for quota and billing purposes. For more information regarding 'X-Goog-User-Project' header, please check https://cloud.google.com/apis/docs/system-parameters.
[debug] [2022-02-06T15:48:06.073Z] FirebaseError: HTTP Error: 403, Your application has authenticated using end user credentials from the Google Cloud SDK or Google Cloud Shell which are not supported by the firebase.googleapis.com. We recommend configuring the billing/quota_project setting in gcloud or using a service account through the auth/impersonate_service_account setting. For more information about service accounts and how to use them in your application, see https://cloud.google.com/docs/authentication/. If you are getting this error with curl or similar tools, you may need to specify 'X-Goog-User-Project' HTTP header for quota and billing purposes. For more information regarding 'X-Goog-User-Project' header, please check https://cloud.google.com/apis/docs/system-parameters.
    at module.exports (/home/me/.nvm/versions/node/v17.3.1/lib/node_modules/firebase-tools/lib/responseToError.js:38:12)
    at RetryOperation._fn (/home/me/.nvm/versions/node/v17.3.1/lib/node_modules/firebase-tools/lib/apiv2.js:282:39)
    at processTicksAndRejections (node:internal/process/task_queues:96:5)
[error] 
[error] Error: Failed to list Firebase projects. See firebase-debug.log for more info.
[debug] [2022-02-06T15:48:09.208Z] ----------------------------------------------------------------------
[debug] [2022-02-06T15:48:09.210Z] Command:       /home/me/.nvm/versions/node/v17.3.1/bin/node /home/me/.nvm/versions/node/v17.3.1/bin/firebase init hosting
[debug] [2022-02-06T15:48:09.210Z] CLI Version:   10.1.4
[debug] [2022-02-06T15:48:09.210Z] Platform:      linux
[debug] [2022-02-06T15:48:09.210Z] Node Version:  v17.3.1
[debug] [2022-02-06T15:48:09.211Z] Time:          Sun Feb 06 2022 23:48:09 GMT+0800 (China Standard Time)
[debug] [2022-02-06T15:48:09.211Z] ----------------------------------------------------------------------
[debug] 
[debug] [2022-02-06T15:48:09.216Z] > command requires scopes: ["email","openid","https://www.googleapis.com/auth/cloudplatformprojects.readonly","https://www.googleapis.com/auth/firebase","https://www.googleapis.com/auth/cloud-platform"]
[info] 
     ######## #### ########  ######## ########     ###     ######  ########
     ##        ##  ##     ## ##       ##     ##  ##   ##  ##       ##
     ######    ##  ########  ######   ########  #########  ######  ######
     ##        ##  ##    ##  ##       ##     ## ##     ##       ## ##
     ##       #### ##     ## ######## ########  ##     ##  ######  ########

You're about to initialize a Firebase project in this directory:

  /home/me/node/dev/excerpt_editor

[info] 
=== Project Setup
[info] 
[info] First, let's associate this project directory with a Firebase project.
[info] You can create multiple project aliases by running firebase use --add, 
[info] but for now we'll just set up a default project.
[info] 
[debug] [2022-02-06T15:48:14.243Z] >>> [apiv2][query] GET https://firebase.googleapis.com/v1beta1/projects pageSize=100
[debug] [2022-02-06T15:48:14.841Z] <<< [apiv2][status] GET https://firebase.googleapis.com/v1beta1/projects 403
[debug] [2022-02-06T15:48:14.842Z] <<< [apiv2][body] GET https://firebase.googleapis.com/v1beta1/projects [omitted]
[debug] [2022-02-06T15:48:14.842Z] HTTP Error: 403, Your application has authenticated using end user credentials from the Google Cloud SDK or Google Cloud Shell which are not supported by the firebase.googleapis.com. We recommend configuring the billing/quota_project setting in gcloud or using a service account through the auth/impersonate_service_account setting. For more information about service accounts and how to use them in your application, see https://cloud.google.com/docs/authentication/. If you are getting this error with curl or similar tools, you may need to specify 'X-Goog-User-Project' HTTP header for quota and billing purposes. For more information regarding 'X-Goog-User-Project' header, please check https://cloud.google.com/apis/docs/system-parameters.
[debug] [2022-02-06T15:48:14.843Z] FirebaseError: HTTP Error: 403, Your application has authenticated using end user credentials from the Google Cloud SDK or Google Cloud Shell which are not supported by the firebase.googleapis.com. We recommend configuring the billing/quota_project setting in gcloud or using a service account through the auth/impersonate_service_account setting. For more information about service accounts and how to use them in your application, see https://cloud.google.com/docs/authentication/. If you are getting this error with curl or similar tools, you may need to specify 'X-Goog-User-Project' HTTP header for quota and billing purposes. For more information regarding 'X-Goog-User-Project' header, please check https://cloud.google.com/apis/docs/system-parameters.
    at module.exports (/home/me/.nvm/versions/node/v17.3.1/lib/node_modules/firebase-tools/lib/responseToError.js:38:12)
    at RetryOperation._fn (/home/me/.nvm/versions/node/v17.3.1/lib/node_modules/firebase-tools/lib/apiv2.js:282:39)
    at processTicksAndRejections (node:internal/process/task_queues:96:5)
[error] 
[error] Error: Failed to list Firebase projects. See firebase-debug.log for more info.
